Lanzada por el usuario ivanxrto
Obtained Jenkinsfile from git https://github.com/Ivancrto/AIS_FaseII.git
Running in Durability level: MAX_SURVIVABILITY
[Pipeline] Start of Pipeline
[Pipeline] node
Running on Jenkins  in C:\Program Files (x86)\Jenkins\workspace\t2
[Pipeline] {
[Pipeline] stage
[Pipeline] { (Declarative: Checkout SCM)
[Pipeline] checkout
using credential developer
 > C:\Program Files\Git\bin\git.exe rev-parse --is-inside-work-tree # timeout=10
Fetching changes from the remote Git repository
 > C:\Program Files\Git\bin\git.exe config remote.origin.url https://github.com/Ivancrto/AIS_FaseII.git # timeout=10
Fetching upstream changes from https://github.com/Ivancrto/AIS_FaseII.git
 > C:\Program Files\Git\bin\git.exe --version # timeout=10
using GIT_ASKPASS to set credentials 
 > C:\Program Files\Git\bin\git.exe fetch --tags --force --progress -- https://github.com/Ivancrto/AIS_FaseII.git +refs/heads/*:refs/remotes/origin/* # timeout=10
 > C:\Program Files\Git\bin\git.exe rev-parse "refs/remotes/origin/master^{commit}" # timeout=10
 > C:\Program Files\Git\bin\git.exe rev-parse "refs/remotes/origin/origin/master^{commit}" # timeout=10
Checking out Revision 757a40ea2dacad7461377c806b8cea5b217938ac (refs/remotes/origin/master)
 > C:\Program Files\Git\bin\git.exe config core.sparsecheckout # timeout=10
 > C:\Program Files\Git\bin\git.exe checkout -f 757a40ea2dacad7461377c806b8cea5b217938ac # timeout=10
Commit message: "Update Jenkinsfile"
 > C:\Program Files\Git\bin\git.exe rev-list --no-walk 757a40ea2dacad7461377c806b8cea5b217938ac # timeout=10
[Pipeline] }
[Pipeline] // stage
[Pipeline] withEnv
[Pipeline] {
[Pipeline] stage
[Pipeline] { (Declarative: Tool Install)
[Pipeline] tool
[Pipeline] envVarsForTool
[Pipeline] }
[Pipeline] // stage
[Pipeline] withEnv
[Pipeline] {
[Pipeline] stage
[Pipeline] { (Preparation)
[Pipeline] tool
[Pipeline] envVarsForTool
[Pipeline] withEnv
[Pipeline] {
[Pipeline] git
using credential developer
 > C:\Program Files\Git\bin\git.exe rev-parse --is-inside-work-tree # timeout=10
Fetching changes from the remote Git repository
 > C:\Program Files\Git\bin\git.exe config remote.origin.url https://github.com/Ivancrto/AIS_FaseII.git # timeout=10
Fetching upstream changes from https://github.com/Ivancrto/AIS_FaseII.git
 > C:\Program Files\Git\bin\git.exe --version # timeout=10
using GIT_ASKPASS to set credentials 
 > C:\Program Files\Git\bin\git.exe fetch --tags --force --progress -- https://github.com/Ivancrto/AIS_FaseII.git +refs/heads/*:refs/remotes/origin/* # timeout=10
 > C:\Program Files\Git\bin\git.exe rev-parse "refs/remotes/origin/master^{commit}" # timeout=10
 > C:\Program Files\Git\bin\git.exe rev-parse "refs/remotes/origin/origin/master^{commit}" # timeout=10
Checking out Revision 757a40ea2dacad7461377c806b8cea5b217938ac (refs/remotes/origin/master)
 > C:\Program Files\Git\bin\git.exe config core.sparsecheckout # timeout=10
 > C:\Program Files\Git\bin\git.exe checkout -f 757a40ea2dacad7461377c806b8cea5b217938ac # timeout=10
 > C:\Program Files\Git\bin\git.exe branch -a -v --no-abbrev # timeout=10
 > C:\Program Files\Git\bin\git.exe branch -D master # timeout=10
 > C:\Program Files\Git\bin\git.exe checkout -b master 757a40ea2dacad7461377c806b8cea5b217938ac # timeout=10
Commit message: "Update Jenkinsfile"
[Pipeline] }
[Pipeline] // withEnv
[Pipeline] }
[Pipeline] // stage
[Pipeline] stage
[Pipeline] { (Test)
[Pipeline] tool
[Pipeline] envVarsForTool
[Pipeline] withEnv
[Pipeline] {
[Pipeline] script
[Pipeline] {
[Pipeline] isUnix
[Pipeline] bat

C:\Program Files (x86)\Jenkins\workspace\t2>"C:\Program Files (x86)\Jenkins\tools\hudson.tasks.Maven_MavenInstallation\M3\bin\mvn" test 
[INFO] Scanning for projects...
[INFO] 
[INFO] -------------------< es.codeurjc.test:testing-shop >--------------------
[INFO] Building testing-shop 0.0.1-SNAPSHOT
[INFO] --------------------------------[ jar ]---------------------------------
[INFO] 
[INFO] --- maven-resources-plugin:3.1.0:resources (default-resources) @ testing-shop ---
[INFO] Using 'UTF-8' encoding to copy filtered resources.
[INFO] Copying 1 resource
[INFO] Copying 4 resources
[INFO] 
[INFO] --- maven-compiler-plugin:3.8.1:compile (default-compile) @ testing-shop ---
[INFO] Changes detected - recompiling the module!
[INFO] Compiling 31 source files to C:\Program Files (x86)\Jenkins\workspace\t2\target\classes
[INFO] 
[INFO] --- maven-resources-plugin:3.1.0:testResources (default-testResources) @ testing-shop ---
[INFO] Using 'UTF-8' encoding to copy filtered resources.
[INFO] skip non existing resourceDirectory C:\Program Files (x86)\Jenkins\workspace\t2\src\test\resources
[INFO] 
[INFO] --- maven-compiler-plugin:3.8.1:testCompile (default-testCompile) @ testing-shop ---
[INFO] Changes detected - recompiling the module!
[INFO] Compiling 5 source files to C:\Program Files (x86)\Jenkins\workspace\t2\target\test-classes
[INFO] 
[INFO] --- maven-surefire-plugin:2.22.2:test (default-test) @ testing-shop ---
[INFO] 
[INFO] -------------------------------------------------------
[INFO]  T E S T S
[INFO] -------------------------------------------------------
[INFO] Running es.codeurjc.shop.PruebasSistemaApiTest

  .   ____          _            __ _ _
 /\\ / ___'_ __ _ _(_)_ __  __ _ \ \ \ \
( ( )\___ | '_ | '_| | '_ \/ _` | \ \ \ \
 \\/  ___)| |_)| | | | | || (_| |  ) ) ) )
  '  |____| .__|_| |_|_| |_\__, | / / / /
 =========|_|==============|___/=/_/_/_/
 :: Spring Boot ::        (v2.2.6.RELEASE)

08-06-2020 14:40:02.969 [main] INFO  o.a.m.surefire.booter.ForkedBooter.logStarting - Starting ForkedBooter v2.22.2 on DESKTOP-KSH8S1G with PID 18992 (started by DESKTOP-KSH8S1G$ in C:\Program Files (x86)\Jenkins\workspace\t2)
08-06-2020 14:40:02.978 [main] INFO  o.a.m.surefire.booter.ForkedBooter.logStartupProfileInfo - No active profile set, falling back to default profiles: default
08-06-2020 14:40:04.765 [main] INFO  o.s.d.r.c.RepositoryConfigurationDelegate.registerRepositoriesIn - Bootstrapping Spring Data JPA repositories in DEFAULT mode.
08-06-2020 14:40:04.932 [main] INFO  o.s.d.r.c.RepositoryConfigurationDelegate.registerRepositoriesIn - Finished Spring Data repository scanning in 143ms. Found 3 JPA repository interfaces.
08-06-2020 14:40:07.037 [main] INFO  o.s.b.w.e.tomcat.TomcatWebServer.initialize - Tomcat initialized with port(s): 8081 (http)
08-06-2020 14:40:07.065 [main] INFO  o.a.coyote.http11.Http11NioProtocol.log - Initializing ProtocolHandler ["http-nio-8081"]
08-06-2020 14:40:07.069 [main] INFO  o.a.catalina.core.StandardService.log - Starting service [Tomcat]
08-06-2020 14:40:07.071 [main] INFO  o.a.catalina.core.StandardEngine.log - Starting Servlet engine: [Apache Tomcat/9.0.33]
08-06-2020 14:40:07.323 [main] INFO  o.a.c.c.C.[Tomcat].[localhost].[/].log - Initializing Spring embedded WebApplicationContext
08-06-2020 14:40:07.323 [main] INFO  o.s.web.context.ContextLoader.prepareWebApplicationContext - Root WebApplicationContext: initialization completed in 3867 ms
08-06-2020 14:40:07.592 [main] INFO  com.zaxxer.hikari.HikariDataSource.getConnection - HikariPool-1 - Starting...
08-06-2020 14:40:08.020 [main] INFO  com.zaxxer.hikari.HikariDataSource.getConnection - HikariPool-1 - Start completed.
08-06-2020 14:40:08.180 [main] INFO  o.h.jpa.internal.util.LogHelper.logPersistenceUnitInformation - HHH000204: Processing PersistenceUnitInfo [name: default]
08-06-2020 14:40:08.448 [main] INFO  org.hibernate.Version.logVersion - HHH000412: Hibernate ORM core version 5.4.12.Final
08-06-2020 14:40:08.854 [main] INFO  o.h.annotations.common.Version.<clinit> - HCANN000001: Hibernate Commons Annotations {5.1.0.Final}
08-06-2020 14:40:09.215 [main] INFO  org.hibernate.dialect.Dialect.<init> - HHH000400: Using dialect: org.hibernate.dialect.H2Dialect
08-06-2020 14:40:11.006 [main] INFO  o.h.e.t.j.p.i.JtaPlatformInitiator.initiateService - HHH000490: Using JtaPlatform implementation: [org.hibernate.engine.transaction.jta.platform.internal.NoJtaPlatform]
08-06-2020 14:40:11.025 [main] INFO  o.s.o.j.LocalContainerEntityManagerFactoryBean.buildNativeEntityManagerFactory - Initialized JPA EntityManagerFactory for persistence unit 'default'
08-06-2020 14:40:12.255 [main] WARN  o.s.b.a.o.j.JpaBaseConfiguration$JpaWebConfiguration.openEntityManagerInViewInterceptor - spring.jpa.open-in-view is enabled by default. Therefore, database queries may be performed during view rendering. Explicitly configure spring.jpa.open-in-view to disable this warning
08-06-2020 14:40:12.499 [main] INFO  o.s.s.c.ThreadPoolTaskExecutor.initialize - Initializing ExecutorService 'applicationTaskExecutor'
08-06-2020 14:40:12.663 [main] INFO  o.s.b.a.w.s.WelcomePageHandlerMapping.<init> - Adding welcome page template: index
08-06-2020 14:40:12.984 [main] INFO  o.a.coyote.http11.Http11NioProtocol.log - Starting ProtocolHandler ["http-nio-8081"]
08-06-2020 14:40:13.037 [main] INFO  o.s.b.w.e.tomcat.TomcatWebServer.start - Tomcat started on port(s): 8081 (http) with context path ''
08-06-2020 14:40:13.041 [main] INFO  o.a.m.surefire.booter.ForkedBooter.logStarted - Started ForkedBooter in 10.795 seconds (JVM running for 12.457)
08-06-2020 14:40:15.602 [http-nio-8081-exec-1] INFO  o.a.c.c.C.[Tomcat].[localhost].[/].log - Initializing Spring DispatcherServlet 'dispatcherServlet'
08-06-2020 14:40:15.602 [http-nio-8081-exec-1] INFO  o.s.web.servlet.DispatcherServlet.initServletBean - Initializing Servlet 'dispatcherServlet'
08-06-2020 14:40:15.621 [http-nio-8081-exec-1] INFO  o.s.web.servlet.DispatcherServlet.initServletBean - Completed initialization in 19 ms
08-06-2020 14:40:15.854 [http-nio-8081-exec-1] INFO  e.c.s.n.NotificationService.notify - Purchase: customer=6, product=3
08-06-2020 14:40:16.855 [main] INFO  o.s.s.c.ThreadPoolTaskExecutor.shutdown - Shutting down ExecutorService 'applicationTaskExecutor'
08-06-2020 14:40:16.857 [main] INFO  o.s.o.j.LocalContainerEntityManagerFactoryBean.destroy - Closing JPA EntityManagerFactory for persistence unit 'default'
08-06-2020 14:40:16.858 [main] INFO  o.h.t.s.i.SchemaDropperImpl$DelayedDropActionImpl.perform - HHH000477: Starting delayed evictData of schema as part of SessionFactory shut-down'
08-06-2020 14:40:16.867 [main] INFO  com.zaxxer.hikari.HikariDataSource.close - HikariPool-1 - Shutdown initiated...
08-06-2020 14:40:16.875 [main] INFO  com.zaxxer.hikari.HikariDataSource.close - HikariPool-1 - Shutdown completed.
[INFO] Tests run: 3, Failures: 0, Errors: 0, Skipped: 0, Time elapsed: 15.417 s - in es.codeurjc.shop.PruebasSistemaApiTest
[INFO] Running es.codeurjc.shop.PruebasSistemaTest
08-06-2020 14:40:17.336 [main] INFO  i.g.bonigarcia.wdm.WebDriverManager.detectDriverVersionFromBrowser - Using chromedriver 83.0.4103.39 (since Google Chrome 83 is installed in your machine)
08-06-2020 14:40:17.355 [main] INFO  i.g.bonigarcia.wdm.WebDriverManager.exportDriver - Exporting webdriver.chrome.driver as C:\windows\system32\config\systemprofile\.m2\repository\webdriver\chromedriver\win32\83.0.4103.39\chromedriver.exe

  .   ____          _            __ _ _
 /\\ / ___'_ __ _ _(_)_ __  __ _ \ \ \ \
( ( )\___ | '_ | '_| | '_ \/ _` | \ \ \ \
 \\/  ___)| |_)| | | | | || (_| |  ) ) ) )
  '  |____| .__|_| |_|_| |_\__, | / / / /
 =========|_|==============|___/=/_/_/_/
 :: Spring Boot ::        (v2.2.6.RELEASE)

08-06-2020 14:40:17.418 [main] INFO  o.a.m.surefire.booter.ForkedBooter.logStarting - Starting ForkedBooter v2.22.2 on DESKTOP-KSH8S1G with PID 18992 (started by DESKTOP-KSH8S1G$ in C:\Program Files (x86)\Jenkins\workspace\t2)
08-06-2020 14:40:17.421 [main] INFO  o.a.m.surefire.booter.ForkedBooter.logStartupProfileInfo - No active profile set, falling back to default profiles: default
08-06-2020 14:40:17.696 [main] INFO  o.s.d.r.c.RepositoryConfigurationDelegate.registerRepositoriesIn - Bootstrapping Spring Data JPA repositories in DEFAULT mode.
08-06-2020 14:40:17.714 [main] INFO  o.s.d.r.c.RepositoryConfigurationDelegate.registerRepositoriesIn - Finished Spring Data repository scanning in 28ms. Found 3 JPA repository interfaces.
08-06-2020 14:40:17.859 [main] INFO  o.s.b.w.e.tomcat.TomcatWebServer.initialize - Tomcat initialized with port(s): 8081 (http)
08-06-2020 14:40:17.859 [main] INFO  o.a.coyote.http11.Http11NioProtocol.log - Initializing ProtocolHandler ["http-nio-8081"]
08-06-2020 14:40:17.859 [main] INFO  o.a.catalina.core.StandardService.log - Starting service [Tomcat]
08-06-2020 14:40:17.863 [main] INFO  o.a.catalina.core.StandardEngine.log - Starting Servlet engine: [Apache Tomcat/9.0.33]
08-06-2020 14:40:17.876 [main] INFO  o.a.c.c.C.[Tomcat].[localhost].[/].log - Initializing Spring embedded WebApplicationContext
08-06-2020 14:40:17.877 [main] INFO  o.s.web.context.ContextLoader.prepareWebApplicationContext - Root WebApplicationContext: initialization completed in 452 ms
08-06-2020 14:40:17.913 [main] INFO  com.zaxxer.hikari.HikariDataSource.getConnection - HikariPool-2 - Starting...
08-06-2020 14:40:17.913 [main] INFO  com.zaxxer.hikari.HikariDataSource.getConnection - HikariPool-2 - Start completed.
08-06-2020 14:40:17.951 [main] INFO  o.h.jpa.internal.util.LogHelper.logPersistenceUnitInformation - HHH000204: Processing PersistenceUnitInfo [name: default]
08-06-2020 14:40:17.952 [main] INFO  org.hibernate.dialect.Dialect.<init> - HHH000400: Using dialect: org.hibernate.dialect.H2Dialect
08-06-2020 14:40:18.066 [main] INFO  o.h.e.t.j.p.i.JtaPlatformInitiator.initiateService - HHH000490: Using JtaPlatform implementation: [org.hibernate.engine.transaction.jta.platform.internal.NoJtaPlatform]
08-06-2020 14:40:18.066 [main] INFO  o.s.o.j.LocalContainerEntityManagerFactoryBean.buildNativeEntityManagerFactory - Initialized JPA EntityManagerFactory for persistence unit 'default'
08-06-2020 14:40:18.271 [main] WARN  o.s.b.a.o.j.JpaBaseConfiguration$JpaWebConfiguration.openEntityManagerInViewInterceptor - spring.jpa.open-in-view is enabled by default. Therefore, database queries may be performed during view rendering. Explicitly configure spring.jpa.open-in-view to disable this warning
08-06-2020 14:40:18.317 [main] INFO  o.s.s.c.ThreadPoolTaskExecutor.initialize - Initializing ExecutorService 'applicationTaskExecutor'
08-06-2020 14:40:18.352 [main] INFO  o.s.b.a.w.s.WelcomePageHandlerMapping.<init> - Adding welcome page template: index
08-06-2020 14:40:18.415 [main] INFO  o.a.coyote.http11.Http11NioProtocol.log - Starting ProtocolHandler ["http-nio-8081"]
08-06-2020 14:40:18.425 [main] INFO  o.s.b.w.e.tomcat.TomcatWebServer.start - Tomcat started on port(s): 8081 (http) with context path ''
08-06-2020 14:40:18.427 [main] INFO  o.a.m.surefire.booter.ForkedBooter.logStarted - Started ForkedBooter in 1.062 seconds (JVM running for 17.843)
Starting ChromeDriver 83.0.4103.39 (ccbf011cb2d2b19b506d844400483861342c20cd-refs/branch-heads/4103@{#416}) on port 13201
Only local connections are allowed.
Please see https://chromedriver.chromium.org/security-considerations for suggestions on keeping ChromeDriver safe.
ChromeDriver was started successfully.
08-06-2020 14:40:21.341 [Forwarding newSession on session null to remote] INFO  o.o.s.remote.ProtocolHandshake.createSession - Detected dialect: W3C
08-06-2020 14:40:21.473 [http-nio-8081-exec-1] INFO  o.a.c.c.C.[Tomcat].[localhost].[/].log - Initializing Spring DispatcherServlet 'dispatcherServlet'
08-06-2020 14:40:21.474 [http-nio-8081-exec-1] INFO  o.s.web.servlet.DispatcherServlet.initServletBean - Initializing Servlet 'dispatcherServlet'
08-06-2020 14:40:21.485 [http-nio-8081-exec-1] INFO  o.s.web.servlet.DispatcherServlet.initServletBean - Completed initialization in 10 ms
08-06-2020 14:40:21.975 [http-nio-8081-exec-3] INFO  e.c.s.n.NotificationService.notify - Purchase: customer=6, product=3
Starting ChromeDriver 83.0.4103.39 (ccbf011cb2d2b19b506d844400483861342c20cd-refs/branch-heads/4103@{#416}) on port 18593
Only local connections are allowed.
Please see https://chromedriver.chromium.org/security-considerations for suggestions on keeping ChromeDriver safe.
ChromeDriver was started successfully.
08-06-2020 14:40:25.904 [Forwarding newSession on session null to remote] INFO  o.o.s.remote.ProtocolHandshake.createSession - Detected dialect: W3C
Starting ChromeDriver 83.0.4103.39 (ccbf011cb2d2b19b506d844400483861342c20cd-refs/branch-heads/4103@{#416}) on port 44147
Only local connections are allowed.
Please see https://chromedriver.chromium.org/security-considerations for suggestions on keeping ChromeDriver safe.
ChromeDriver was started successfully.
08-06-2020 14:40:50.492 [Forwarding newSession on session null to remote] INFO  o.o.s.remote.ProtocolHandshake.createSession - Detected dialect: W3C
Starting ChromeDriver 83.0.4103.39 (ccbf011cb2d2b19b506d844400483861342c20cd-refs/branch-heads/4103@{#416}) on port 29804
Only local connections are allowed.
Please see https://chromedriver.chromium.org/security-considerations for suggestions on keeping ChromeDriver safe.
ChromeDriver was started successfully.
08-06-2020 14:40:53.292 [Forwarding newSession on session null to remote] INFO  o.o.s.remote.ProtocolHandshake.createSession - Detected dialect: W3C
08-06-2020 14:40:58.148 [http-nio-8081-exec-6] INFO  e.c.s.n.NotificationService.notify - Purchase: customer=6, product=1
08-06-2020 14:40:59.835 [main] INFO  o.s.s.c.ThreadPoolTaskExecutor.shutdown - Shutting down ExecutorService 'applicationTaskExecutor'
08-06-2020 14:40:59.835 [main] INFO  o.s.o.j.LocalContainerEntityManagerFactoryBean.destroy - Closing JPA EntityManagerFactory for persistence unit 'default'
08-06-2020 14:40:59.835 [main] INFO  o.h.t.s.i.SchemaDropperImpl$DelayedDropActionImpl.perform - HHH000477: Starting delayed evictData of schema as part of SessionFactory shut-down'
08-06-2020 14:40:59.846 [main] INFO  com.zaxxer.hikari.HikariDataSource.close - HikariPool-2 - Shutdown initiated...
08-06-2020 14:40:59.852 [main] INFO  com.zaxxer.hikari.HikariDataSource.close - HikariPool-2 - Shutdown completed.
[INFO] Tests run: 3, Failures: 0, Errors: 0, Skipped: 0, Time elapsed: 43.004 s - in es.codeurjc.shop.PruebasSistemaTest
[INFO] Running es.codeurjc.shop.pruebasUnitariasDoblesTest
[INFO] Tests run: 3, Failures: 0, Errors: 0, Skipped: 0, Time elapsed: 0.468 s - in es.codeurjc.shop.pruebasUnitariasDoblesTest
[INFO] 
[INFO] Results:
[INFO] 
[INFO] Tests run: 9, Failures: 0, Errors: 0, Skipped: 0
[INFO] 
[INFO] ------------------------------------------------------------------------
[INFO] BUILD SUCCESS
[INFO] ------------------------------------------------------------------------
[INFO] Total time:  01:07 min
[INFO] Finished at: 2020-06-08T14:41:01+02:00
[INFO] ------------------------------------------------------------------------
[Pipeline] }
[Pipeline] // script
[Pipeline] }
[Pipeline] // withEnv
[Pipeline] }
[Pipeline] // stage
[Pipeline] stage
[Pipeline] { (Declarative: Post Actions)
[Pipeline] junit
Grabando resultados de tests
[Pipeline] archiveArtifacts
Guardando archivos
[Pipeline] }
[Pipeline] // stage
[Pipeline] }
[Pipeline] // withEnv
[Pipeline] }
[Pipeline] // withEnv
[Pipeline] }
[Pipeline] // node
[Pipeline] End of Pipeline
Finished: SUCCESS
